app/build/intermediates/manifest_merge_blame_file/debug/manifest-merger-blame-debug-report.txt
1<?xml version="1.0" encoding="utf-8"?>
2<manifest xmlns:android="http://schemas.android.com/apk/res/android"
3    package="com.apulse" >
4
5    <uses-sdk android:minSdkVersion="24" />
6
7    <!-- Permissions that the library needs -->
8    <uses-permission android:name="android.permission.INTERNET" />
8-->src/main/AndroidManifest.xml:5:5-67
8-->src/main/AndroidManifest.xml:5:22-64
9    <uses-permission android:name="android.permission.ACCESS_NETWORK_STATE" />
9-->src/main/AndroidManifest.xml:6:5-79
9-->src/main/AndroidManifest.xml:6:22-76
10    <uses-permission
10-->src/main/AndroidManifest.xml:7:5-8:38
11        android:name="android.permission.WRITE_EXTERNAL_STORAGE"
11-->src/main/AndroidManifest.xml:7:22-78
12        android:maxSdkVersion="28" />
12-->src/main/AndroidManifest.xml:8:9-35
13    <uses-permission
13-->src/main/AndroidManifest.xml:9:5-10:38
14        android:name="android.permission.READ_EXTERNAL_STORAGE"
14-->src/main/AndroidManifest.xml:9:22-77
15        android:maxSdkVersion="32" />
15-->src/main/AndroidManifest.xml:10:9-35
16
17</manifest>